DEBUG:root:process_post_json called
DEBUG:root:REQUEST_METHOD:OPTIONS
DEBUG:root:args:
DEBUG:root:responding to options
DEBUG:root:end.
DEBUG:root:process_post_json called
DEBUG:root:REQUEST_METHOD:POST
DEBUG:root:args:{"what":"GetExamen","entities":{"id":15}}
DEBUG:root:{
    "entities": {
        "id": 15
    },
    "what": "GetExamen"
}
DEBUG:root:end.
DEBUG:root:process_post_json called
DEBUG:root:REQUEST_METHOD:OPTIONS
DEBUG:root:args:
DEBUG:root:responding to options
DEBUG:root:end.
DEBUG:root:process_post_json called
DEBUG:root:REQUEST_METHOD:POST
DEBUG:root:args:{"what":"GetExamen","entities":{"id":15}}
DEBUG:root:{
    "entities": {
        "id": 15
    },
    "what": "GetExamen"
}
DEBUG:root:end.
DEBUG:root:process_post_json called
DEBUG:root:REQUEST_METHOD:OPTIONS
DEBUG:root:args:
DEBUG:root:responding to options
DEBUG:root:end.
DEBUG:root:process_post_json called
DEBUG:root:REQUEST_METHOD:POST
DEBUG:root:args:{"what":"GetExamen","entities":{"id":15}}
DEBUG:root:{
    "entities": {
        "id": 15
    },
    "what": "GetExamen"
}
DEBUG:root:end.
DEBUG:root:process_post_json called
DEBUG:root:REQUEST_METHOD:POST
DEBUG:root:args:{"what": "getObservacion", "tipo_examen_id":"1"}
DEBUG:root:{
    "tipo_examen_id": "1",
    "what": "getObservacion"
}
ERROR:root:error:name 'null' is not defined
DEBUG:root:end.
DEBUG:root:process_post_json called
DEBUG:root:REQUEST_METHOD:POST
DEBUG:root:args:{"what": "getObservacion", "tipo_examen_id":"1"}
DEBUG:root:{
    "tipo_examen_id": "1",
    "what": "getObservacion"
}
ERROR:root:error:name 'null' is not defined
DEBUG:root:end.
DEBUG:root:process_post_json called
DEBUG:root:REQUEST_METHOD:POST
DEBUG:root:args:{"what": "getObservacion", "tipo_examen_id":"1"}
DEBUG:root:{
    "tipo_examen_id": "1",
    "what": "getObservacion"
}
DEBUG:root:processing request:{'what': 'getObservacion', 'tipo_examen_id': '1'}
DEBUG:root:finally
DEBUG:root:end.
DEBUG:root:process_post_json called
DEBUG:root:REQUEST_METHOD:OPTIONS
DEBUG:root:args:
DEBUG:root:responding to options
DEBUG:root:end.
DEBUG:root:process_post_json called
DEBUG:root:REQUEST_METHOD:POST
DEBUG:root:args:{"what":"GetExamen","entities":{"id":15}}
DEBUG:root:{
    "entities": {
        "id": 15
    },
    "what": "GetExamen"
}
DEBUG:root:processing request:{'what': 'GetExamen', 'entities': {'id': 15}}
DEBUG:root:finally
DEBUG:root:end.
DEBUG:root:process_post_json called
DEBUG:root:REQUEST_METHOD:OPTIONS
DEBUG:root:args:
DEBUG:root:responding to options
DEBUG:root:end.
DEBUG:root:process_post_json called
DEBUG:root:REQUEST_METHOD:POST
DEBUG:root:args:{"what":"GetExamen","entities":{"id":15}}
DEBUG:root:{
    "entities": {
        "id": 15
    },
    "what": "GetExamen"
}
DEBUG:root:processing request:{'what': 'GetExamen', 'entities': {'id': 15}}
DEBUG:root:finally
DEBUG:root:end.
DEBUG:root:process_post_json called
DEBUG:root:REQUEST_METHOD:OPTIONS
DEBUG:root:args:
DEBUG:root:responding to options
DEBUG:root:end.
DEBUG:root:process_post_json called
DEBUG:root:REQUEST_METHOD:POST
DEBUG:root:args:{"what":"GetExamen","entities":{"id":12}}
DEBUG:root:{
    "entities": {
        "id": 12
    },
    "what": "GetExamen"
}
DEBUG:root:processing request:{'what': 'GetExamen', 'entities': {'id': 12}}
DEBUG:root:finally
DEBUG:root:end.
DEBUG:root:process_post_json called
DEBUG:root:REQUEST_METHOD:OPTIONS
DEBUG:root:args:
DEBUG:root:responding to options
DEBUG:root:end.
DEBUG:root:process_post_json called
DEBUG:root:REQUEST_METHOD:POST
DEBUG:root:args:{"what":"GetExamen","entities":{"id":12}}
DEBUG:root:{
    "entities": {
        "id": 12
    },
    "what": "GetExamen"
}
DEBUG:root:processing request:{'entities': {'id': 12}, 'what': 'GetExamen'}
DEBUG:root:finally
DEBUG:root:end.
DEBUG:root:process_post_json called
DEBUG:root:REQUEST_METHOD:POST
DEBUG:root:args:{"what":"GetExamen","entities":{"id":12}}
DEBUG:root:{
    "entities": {
        "id": 12
    },
    "what": "GetExamen"
}
DEBUG:root:processing request:{'entities': {'id': 12}, 'what': 'GetExamen'}
DEBUG:root:finally
DEBUG:root:end.
DEBUG:root:process_post_json called
DEBUG:root:REQUEST_METHOD:OPTIONS
DEBUG:root:args:
DEBUG:root:responding to options
DEBUG:root:end.
DEBUG:root:process_post_json called
DEBUG:root:REQUEST_METHOD:POST
DEBUG:root:args:{"what":"GetExamen","entities":{"id":1}}
DEBUG:root:{
    "entities": {
        "id": 1
    },
    "what": "GetExamen"
}
DEBUG:root:processing request:{'what': 'GetExamen', 'entities': {'id': 1}}
DEBUG:root:finally
DEBUG:root:end.
